<?xml version="1.0" encoding="UTF-8"?>
<!-- Generated by org.testng.reporters.JUnitReportReporter -->
<testsuite skipped="0" hostname="LAPTOP-L8U7MIV2" name="My_expedia.expedia.Test_expedia" tests="1" failures="0" timestamp="13 Jul 2019 19:24:35 GMT" time="128.781" errors="0">
  <testcase name="create" time="128.781" classname="My_expedia.expedia.Test_expedia"/>
</testsuite> <!-- My_expedia.expedia.Test_expedia -->
